0 info it worked if it ends with ok
1 verbose cli [ '/usr/local/bin/node', '/usr/local/bin/npm', 'start' ]
2 info using npm@4.0.5
3 info using node@v6.2.2
4 verbose run-script [ 'prestart', 'start', 'poststart' ]
5 info lifecycle meancms@0.0.0~prestart: meancms@0.0.0
6 silly lifecycle meancms@0.0.0~prestart: no script for prestart, continuing
7 info lifecycle meancms@0.0.0~start: meancms@0.0.0
8 verbose lifecycle meancms@0.0.0~start: unsafe-perm in lifecycle true
9 verbose lifecycle meancms@0.0.0~start: PATH: /usr/local/lib/node_modules/npm/bin/node-gyp-bin:/Users/mikemccann/Desktop/project17/learn/learnMean/github/mean-repos/mean-cms/refactor/meancms/node_modules/.bin:/usr/local/bin:/Users/mikemccann/.rvm/gems/ruby-2.1.1/bin:/Users/mikemccann/.rvm/gems/ruby-2.1.1@global/bin:/Users/mikemccann/.rvm/rubies/ruby-2.1.1/bin:/usr/local/bin:/usr/local/bin:/usr/local/sbin:/usr/local/sbin:/usr/local/sbin:/usr/local/bin:/usr/local/heroku/bin:/Applications/MAMP/bin/php/php5.4.19/bin:/Library/Frameworks/Python.framework/Versions/Current/bin:/usr/local/lib/node_modules/karma/bin:/Applications/MAMP/bin/php/php5.4.19/bin:/usr/local/lib/node_modules/karma/bin:/usr/local/lib/node_modules/bower/bin:/usr/bin:/bin:/usr/sbin:/sbin:/usr/local/bin:/usr/local/Cellar/postgresql:/opt/X11/bin:/usr/local/git/bin:/opt/ImageMagick/bin:/usr/local/sbin:/usr/local/heroku/bin:/Applications/MAMP/bin/php/php5.4.19/bin:/Library/Frameworks/Python.framework/Versions/Current/bin:/Users/mikemccann/.rvm/bin:/Users/mikemccann/.rvm/bin
10 verbose lifecycle meancms@0.0.0~start: CWD: /Users/mikemccann/Desktop/project17/learn/learnMean/github/mean-repos/mean-cms/refactor/meancms
11 silly lifecycle meancms@0.0.0~start: Args: [ '-c', 'node ./bin/www' ]
12 silly lifecycle meancms@0.0.0~start: Returned: code: 1  signal: null
13 info lifecycle meancms@0.0.0~start: Failed to exec start script
14 verbose stack Error: meancms@0.0.0 start: `node ./bin/www`
14 verbose stack Exit status 1
14 verbose stack     at EventEmitter.<anonymous> (/usr/local/lib/node_modules/npm/lib/utils/lifecycle.js:279:16)
14 verbose stack     at emitTwo (events.js:106:13)
14 verbose stack     at EventEmitter.emit (events.js:191:7)
14 verbose stack     at ChildProcess.<anonymous> (/usr/local/lib/node_modules/npm/lib/utils/spawn.js:40:14)
14 verbose stack     at emitTwo (events.js:106:13)
14 verbose stack     at ChildProcess.emit (events.js:191:7)
14 verbose stack     at maybeClose (internal/child_process.js:852:16)
14 verbose stack     at Process.ChildProcess._handle.onexit (internal/child_process.js:215:5)
15 verbose pkgid meancms@0.0.0
16 verbose cwd /Users/mikemccann/Desktop/project17/learn/learnMean/github/mean-repos/mean-cms/refactor/meancms
17 error Darwin 13.1.0
18 error argv "/usr/local/bin/node" "/usr/local/bin/npm" "start"
19 error node v6.2.2
20 error npm  v4.0.5
21 error code ELIFECYCLE
22 error meancms@0.0.0 start: `node ./bin/www`
22 error Exit status 1
23 error Failed at the meancms@0.0.0 start script 'node ./bin/www'.
23 error Make sure you have the latest version of node.js and npm installed.
23 error If you do, this is most likely a problem with the meancms package,
23 error not with npm itself.
23 error Tell the author that this fails on your system:
23 error     node ./bin/www
23 error You can get information on how to open an issue for this project with:
23 error     npm bugs meancms
23 error Or if that isn't available, you can get their info via:
23 error     npm owner ls meancms
23 error There is likely additional logging output above.
24 verbose exit [ 1, true ]
